<?xml version="1.0" encoding="UTF-8"?>
<!-- Generated by org.testng.reporters.JUnitXMLReporter -->
<testsuite ignored="0" hostname="Krushna" failures="0" tests="3" name="Default test" time="0.095" errors="0" timestamp="2023-07-04T16:42:17 IST">
  <testcase classname="PracticeSet.PracticeTestng" name="login" time="0.018"/>
  <testcase classname="PracticeSet.PracticeTestng" name="logout" time="0.003"/>
  <testcase classname="PracticeSet.PracticeTestng" name="openUrl" time="0.003"/>
</testsuite> <!-- Default test -->
