<?xml version="1.0" encoding="UTF-8"?>
<testng-results ignored="0" total="3" passed="3" failed="0" skipped="0">
  <reporter-output>
    <line>
      <![CDATA[Login is succesfull]]>
    </line>
    <line>
      <![CDATA[logut is succesfull]]>
    </line>
    <line>
      <![CDATA[Url is opened]]>
    </line>
  </reporter-output>
  <suite started-at="2023-07-04T16:42:17 IST" name="Default suite" finished-at="2023-07-04T16:42:17 IST" duration-ms="95">
    <groups>
    </groups>
    <test started-at="2023-07-04T16:42:17 IST" name="Default test" finished-at="2023-07-04T16:42:17 IST" duration-ms="95">
      <class name="PracticeSet.PracticeTestng">
        <test-method signature="login()[pri:0, instance:PracticeSet.PracticeTestng@702b8b12]" started-at="2023-07-04T16:42:17 IST" name="login" finished-at="2023-07-04T16:42:17 IST" duration-ms="18" status="PASS">
          <reporter-output>
            <line>
              <![CDATA[Login is succesfull]]>
            </line>
          </reporter-output>
        </test-method> <!-- login -->
        <test-method signature="logout()[pri:0, instance:PracticeSet.PracticeTestng@702b8b12]" started-at="2023-07-04T16:42:17 IST" name="logout" finished-at="2023-07-04T16:42:17 IST" duration-ms="3" status="PASS">
          <reporter-output>
            <line>
              <![CDATA[logut is succesfull]]>
            </line>
          </reporter-output>
        </test-method> <!-- logout -->
        <test-method signature="openUrl()[pri:0, instance:PracticeSet.PracticeTestng@702b8b12]" started-at="2023-07-04T16:42:17 IST" name="openUrl" finished-at="2023-07-04T16:42:17 IST" duration-ms="3" status="PASS">
          <reporter-output>
            <line>
              <![CDATA[Url is opened]]>
            </line>
          </reporter-output>
        </test-method> <!-- openUrl -->
      </class> <!-- PracticeSet.PracticeTestng -->
    </test> <!-- Default test -->
  </suite> <!-- Default suite -->
</testng-results>
